Vivado Simulator 2020.2
Copyright 1986-1999, 2001-2020 Xilinx, Inc. All Rights Reserved.
Running: C:/Xilinx/Vivado/2020.2/bin/unwrapped/win64.o/xelab.exe -wto 3cb28699f8824cf3a811e707cfc92466 --incr --debug typical --relax --mt 2 -L xil_defaultlib -L axi_infrastructure_v1_1_0 -L axi_vip_v1_1_8 -L processing_system7_vip_v1_0_10 -L lib_cdc_v1_0_2 -L proc_sys_reset_v5_0_13 -L generic_baseblocks_v2_1_0 -L axi_register_slice_v2_1_22 -L fifo_generator_v13_2_5 -L axi_data_fifo_v2_1_21 -L axi_crossbar_v2_1_23 -L axi_protocol_converter_v2_1_22 -L axi_mmu_v2_1_20 -L uvm -L xilinx_vip -L unisims_ver -L unimacro_ver -L secureip -L xpm --snapshot design_1_wrapper_behav xil_defaultlib.design_1_wrapper xil_defaultlib.glbl -log elaborate.log 
Using 2 slave threads.
Starting static elaboration
Pass Through NonSizing Optimizer
WARNING: [VRFC 10-3091] actual bit length 128 differs from formal bit length 64 for port 'WR_DATA_STRB' [/scratch/proj/xbuilds/SWIP/2020.2_1118_1232/infra/XSIM/lin/.cxl.ip/incl/processing_system7_vip_v1_0_10_axi_gp.v:208]
WARNING: [VRFC 10-3091] actual bit length 12 differs from formal bit length 6 for port 'm_axi_bid' [/wrk/ci/prod/2020.2/sw/continuous/733/packages/customer/vivado/data/ip/xilinx/processing_system7_vip_v1_0/hdl/processing_system7_vip_v1_0_vl_rfs.sv:5546]
WARNING: [VRFC 10-3091] actual bit length 12 differs from formal bit length 6 for port 'm_axi_rid' [/wrk/ci/prod/2020.2/sw/continuous/733/packages/customer/vivado/data/ip/xilinx/processing_system7_vip_v1_0/hdl/processing_system7_vip_v1_0_vl_rfs.sv:5564]
WARNING: [VRFC 10-3091] actual bit length 128 differs from formal bit length 64 for port 'WR_DATA_STRB' [/scratch/proj/xbuilds/SWIP/2020.2_1118_1232/infra/XSIM/lin/.cxl.ip/incl/processing_system7_vip_v1_0_10_axi_gp.v:292]
WARNING: [VRFC 10-3091] actual bit length 8 differs from formal bit length 9 for port 'WR_BYTES' [/scratch/proj/xbuilds/SWIP/2020.2_1118_1232/infra/XSIM/lin/.cxl.ip/incl/processing_system7_vip_v1_0_10_axi_hp.v:80]
WARNING: [VRFC 10-3091] actual bit length 8 differs from formal bit length 9 for port 'RD_BYTES' [/scratch/proj/xbuilds/SWIP/2020.2_1118_1232/infra/XSIM/lin/.cxl.ip/incl/processing_system7_vip_v1_0_10_axi_hp.v:89]
WARNING: [VRFC 10-3091] actual bit length 12 differs from formal bit length 6 for port 'm_axi_bid' [/wrk/ci/prod/2020.2/sw/continuous/733/packages/customer/vivado/data/ip/xilinx/processing_system7_vip_v1_0/hdl/processing_system7_vip_v1_0_vl_rfs.sv:10256]
WARNING: [VRFC 10-3091] actual bit length 12 differs from formal bit length 6 for port 'm_axi_rid' [/wrk/ci/prod/2020.2/sw/continuous/733/packages/customer/vivado/data/ip/xilinx/processing_system7_vip_v1_0/hdl/processing_system7_vip_v1_0_vl_rfs.sv:10274]
WARNING: [VRFC 10-3091] actual bit length 32 differs from formal bit length 64 for port 'm_axi_rdata' [/wrk/ci/prod/2020.2/sw/continuous/733/packages/customer/vivado/data/ip/xilinx/processing_system7_vip_v1_0/hdl/processing_system7_vip_v1_0_vl_rfs.sv:10275]
WARNING: [VRFC 10-3091] actual bit length 8 differs from formal bit length 9 for port 'WR_BYTES' [/scratch/proj/xbuilds/SWIP/2020.2_1118_1232/infra/XSIM/lin/.cxl.ip/incl/processing_system7_vip_v1_0_10_axi_hp.v:165]
WARNING: [VRFC 10-3091] actual bit length 8 differs from formal bit length 9 for port 'RD_BYTES' [/scratch/proj/xbuilds/SWIP/2020.2_1118_1232/infra/XSIM/lin/.cxl.ip/incl/processing_system7_vip_v1_0_10_axi_hp.v:174]
WARNING: [VRFC 10-3091] actual bit length 8 differs from formal bit length 9 for port 'WR_BYTES' [/scratch/proj/xbuilds/SWIP/2020.2_1118_1232/infra/XSIM/lin/.cxl.ip/incl/processing_system7_vip_v1_0_10_axi_hp.v:251]
WARNING: [VRFC 10-3091] actual bit length 8 differs from formal bit length 9 for port 'RD_BYTES' [/scratch/proj/xbuilds/SWIP/2020.2_1118_1232/infra/XSIM/lin/.cxl.ip/incl/processing_system7_vip_v1_0_10_axi_hp.v:260]
WARNING: [VRFC 10-3091] actual bit length 8 differs from formal bit length 9 for port 'WR_BYTES' [/scratch/proj/xbuilds/SWIP/2020.2_1118_1232/infra/XSIM/lin/.cxl.ip/incl/processing_system7_vip_v1_0_10_axi_hp.v:337]
WARNING: [VRFC 10-3091] actual bit length 8 differs from formal bit length 9 for port 'RD_BYTES' [/scratch/proj/xbuilds/SWIP/2020.2_1118_1232/infra/XSIM/lin/.cxl.ip/incl/processing_system7_vip_v1_0_10_axi_hp.v:346]
WARNING: [VRFC 10-3091] actual bit length 12 differs from formal bit length 3 for port 'm_axi_bid' [/wrk/ci/prod/2020.2/sw/continuous/733/packages/customer/vivado/data/ip/xilinx/processing_system7_vip_v1_0/hdl/processing_system7_vip_v1_0_vl_rfs.sv:7157]
WARNING: [VRFC 10-3091] actual bit length 12 differs from formal bit length 3 for port 'm_axi_rid' [/wrk/ci/prod/2020.2/sw/continuous/733/packages/customer/vivado/data/ip/xilinx/processing_system7_vip_v1_0/hdl/processing_system7_vip_v1_0_vl_rfs.sv:7175]
WARNING: [VRFC 10-3091] actual bit length 32 differs from formal bit length 64 for port 'm_axi_rdata' [/wrk/ci/prod/2020.2/sw/continuous/733/packages/customer/vivado/data/ip/xilinx/processing_system7_vip_v1_0/hdl/processing_system7_vip_v1_0_vl_rfs.sv:7176]
WARNING: [VRFC 10-5021] port 'mb_reset' is not connected on this instance [C:/Users/azati/Voltage_reg_new/Voltage_reg_new.ip_user_files/bd/design_1/sim/design_1.v:240]
WARNING: [VRFC 10-5021] port 'aclk2x' is not connected on this instance [/wrk/ci/prod/2020.2/sw/continuous/733/packages/customer/vivado/data/ip/xilinx/axi_protocol_converter_v2_1/hdl/axi_protocol_converter_v2_1_vl_rfs.v:4376]
WARNING: [VRFC 10-5021] port 'aclk2x' is not connected on this instance [/wrk/ci/prod/2020.2/sw/continuous/733/packages/customer/vivado/data/ip/xilinx/axi_protocol_converter_v2_1/hdl/axi_protocol_converter_v2_1_vl_rfs.v:4631]
WARNING: [VRFC 10-5021] port 'aclk2x' is not connected on this instance [/wrk/ci/prod/2020.2/sw/continuous/733/packages/customer/vivado/data/ip/xilinx/axi_mmu_v2_1/hdl/axi_mmu_v2_1_vl_rfs.v:1155]
WARNING: [VRFC 10-5021] port 'aclk2x' is not connected on this instance [/wrk/ci/prod/2020.2/sw/continuous/733/packages/customer/vivado/data/ip/xilinx/axi_crossbar_v2_1/hdl/axi_crossbar_v2_1_vl_rfs.v:3103]
WARNING: [VRFC 10-5021] port 'ENET0_GMII_RXD' is not connected on this instance [C:/Users/azati/Voltage_reg_new/Voltage_reg_new.ip_user_files/bd/design_1/ip/design_1_processing_system7_0_0/sim/design_1_processing_system7_0_0.v:191]
WARNING: [VRFC 10-3027] 'ocm_wr_strb_port0' was previously declared with a different range [/wrk/ci/prod/2020.2/sw/continuous/733/packages/customer/vivado/data/ip/xilinx/processing_system7_vip_v1_0/hdl/processing_system7_vip_v1_0_vl_rfs.sv:3809]
WARNING: [VRFC 10-3705] select index 64 into 'wrp_strb' is out of bounds [/wrk/ci/prod/2020.2/sw/continuous/733/packages/customer/vivado/data/ip/xilinx/processing_system7_vip_v1_0/hdl/processing_system7_vip_v1_0_vl_rfs.sv:6134]
WARNING: [VRFC 10-3705] select index 128 into 'wrp_strb' is out of bounds [/wrk/ci/prod/2020.2/sw/continuous/733/packages/customer/vivado/data/ip/xilinx/processing_system7_vip_v1_0/hdl/processing_system7_vip_v1_0_vl_rfs.sv:10898]
WARNING: [VRFC 10-3705] select index 128 into 'wrp_strb' is out of bounds [/wrk/ci/prod/2020.2/sw/continuous/733/packages/customer/vivado/data/ip/xilinx/processing_system7_vip_v1_0/hdl/processing_system7_vip_v1_0_vl_rfs.sv:7772]
WARNING: [VRFC 10-3705] select index 4 into 'wr_fifo_rd_ptr' is out of bounds [/wrk/ci/prod/2020.2/sw/continuous/733/packages/customer/vivado/data/ip/xilinx/processing_system7_vip_v1_0/hdl/processing_system7_vip_v1_0_vl_rfs.sv:7985]
WARNING: [VRFC 10-3705] select index 4 into 'ar_cnt' is out of bounds [/wrk/ci/prod/2020.2/sw/continuous/733/packages/customer/vivado/data/ip/xilinx/processing_system7_vip_v1_0/hdl/processing_system7_vip_v1_0_vl_rfs.sv:8124]
WARNING: [VRFC 10-3705] select index 4 into 'wr_rresp_cnt' is out of bounds [/wrk/ci/prod/2020.2/sw/continuous/733/packages/customer/vivado/data/ip/xilinx/processing_system7_vip_v1_0/hdl/processing_system7_vip_v1_0_vl_rfs.sv:8221]
WARNING: [VRFC 10-3705] select index 4 into 'rd_fifo_wr_ptr' is out of bounds [/wrk/ci/prod/2020.2/sw/continuous/733/packages/customer/vivado/data/ip/xilinx/processing_system7_vip_v1_0/hdl/processing_system7_vip_v1_0_vl_rfs.sv:8240]
WARNING: [VRFC 10-3705] select index 4 into 'rd_cnt' is out of bounds [/wrk/ci/prod/2020.2/sw/continuous/733/packages/customer/vivado/data/ip/xilinx/processing_system7_vip_v1_0/hdl/processing_system7_vip_v1_0_vl_rfs.sv:8381]
WARNING: [VRFC 10-3705] select index 4 into 'rresp_time_cnt' is out of bounds [/wrk/ci/prod/2020.2/sw/continuous/733/packages/customer/vivado/data/ip/xilinx/processing_system7_vip_v1_0/hdl/processing_system7_vip_v1_0_vl_rfs.sv:8386]
WARNING: [VRFC 10-3705] select index 4 into 'rd_fifo_rd_ptr' is out of bounds [/wrk/ci/prod/2020.2/sw/continuous/733/packages/customer/vivado/data/ip/xilinx/processing_system7_vip_v1_0/hdl/processing_system7_vip_v1_0_vl_rfs.sv:8391]
Completed static elaboration
Starting simulation data flow analysis
Completed simulation data flow analysis
Time Resolution for simulation is 1ps
Compiling package std.standard
Compiling package std.textio
Compiling package ieee.std_logic_1164
Compiling package ieee.numeric_std
Compiling package unisim.vcomponents
Compiling package ieee.vital_timing
Compiling package ieee.vital_primitives
Compiling package unisim.vpkg
Compiling package ieee.std_logic_arith
Compiling package synopsys.attributes
Compiling package ieee.std_logic_misc
Compiling package xilinx_vip.axi_vip_pkg
Compiling package xilinx_vip.xil_common_vip_pkg
Compiling package std.std
Compiling architecture behavioral of entity xil_defaultlib.Matrix_Distributor [matrix_distributor_default]
Compiling module xil_defaultlib.design_1_Matrix_Distributor_0_0
Compiling module axi_infrastructure_v1_1_0.axi_infrastructure_v1_1_0_axi2ve...
Compiling module axi_infrastructure_v1_1_0.axi_infrastructure_v1_1_0_vector...
Compiling module axi_register_slice_v2_1_22.axi_register_slice_v2_1_22_axic_...
Compiling module axi_register_slice_v2_1_22.axi_register_slice_v2_1_22_axic_...
Compiling module axi_register_slice_v2_1_22.axi_register_slice_v2_1_22_axic_...
Compiling module axi_register_slice_v2_1_22.axi_register_slice_v2_1_22_axic_...
Compiling module axi_register_slice_v2_1_22.axi_register_slice_v2_1_22_axi_r...
Compiling module axi_protocol_converter_v2_1_22.axi_protocol_converter_v2_1_22_b...
Compiling module axi_protocol_converter_v2_1_22.axi_protocol_converter_v2_1_22_b...
Compiling module axi_protocol_converter_v2_1_22.axi_protocol_converter_v2_1_22_b...
Compiling module axi_protocol_converter_v2_1_22.axi_protocol_converter_v2_1_22_b...
Compiling module axi_protocol_converter_v2_1_22.axi_protocol_converter_v2_1_22_b...
Compiling module axi_protocol_converter_v2_1_22.axi_protocol_converter_v2_1_22_b...
Compiling module axi_protocol_converter_v2_1_22.axi_protocol_converter_v2_1_22_b...
Compiling module axi_protocol_converter_v2_1_22.axi_protocol_converter_v2_1_22_b...
Compiling module axi_protocol_converter_v2_1_22.axi_protocol_converter_v2_1_22_b...
Compiling module axi_protocol_converter_v2_1_22.axi_protocol_converter_v2_1_22_b...
Compiling module axi_protocol_converter_v2_1_22.axi_protocol_converter_v2_1_22_b...
Compiling module axi_protocol_converter_v2_1_22.axi_protocol_converter_v2_1_22_b...
Compiling module axi_protocol_converter_v2_1_22.axi_protocol_converter_v2_1_22_b...
Compiling module axi_infrastructure_v1_1_0.axi_infrastructure_v1_1_0_axi2ve...
Compiling module axi_infrastructure_v1_1_0.axi_infrastructure_v1_1_0_vector...
Compiling module axi_register_slice_v2_1_22.axi_register_slice_v2_1_22_axic_...
Compiling module axi_register_slice_v2_1_22.axi_register_slice_v2_1_22_axic_...
Compiling module axi_register_slice_v2_1_22.axi_register_slice_v2_1_22_axic_...
Compiling module axi_register_slice_v2_1_22.axi_register_slice_v2_1_22_axic_...
Compiling module axi_register_slice_v2_1_22.axi_register_slice_v2_1_22_axi_r...
Compiling module axi_protocol_converter_v2_1_22.axi_protocol_converter_v2_1_22_b...
Compiling module axi_protocol_converter_v2_1_22.axi_protocol_converter_v2_1_22_a...
Compiling module xil_defaultlib.design_1_auto_pc_0
Compiling module xil_defaultlib.m00_couplers_imp_1FDLJBY
Compiling module xil_defaultlib.m01_couplers_imp_NZRVUN
Compiling module axi_protocol_converter_v2_1_22.axi_protocol_converter_v2_1_22_a...
Compiling module xil_defaultlib.design_1_auto_pc_1
Compiling module xil_defaultlib.s00_couplers_imp_HS4N6K
Compiling module axi_mmu_v2_1_20.axi_mmu_v2_1_20_addr_decoder(C_F...
Compiling module axi_mmu_v2_1_20.axi_mmu_v2_1_20_decerr_slave(C_A...
Compiling module axi_infrastructure_v1_1_0.axi_infrastructure_v1_1_0_axi2ve...
Compiling module axi_infrastructure_v1_1_0.axi_infrastructure_v1_1_0_vector...
Compiling module axi_register_slice_v2_1_22.axi_register_slice_v2_1_22_axic_...
Compiling module axi_register_slice_v2_1_22.axi_register_slice_v2_1_22_axic_...
Compiling module axi_register_slice_v2_1_22.axi_register_slice_v2_1_22_axic_...
Compiling module axi_register_slice_v2_1_22.axi_register_slice_v2_1_22_axic_...
Compiling module axi_register_slice_v2_1_22.axi_register_slice_v2_1_22_axi_r...
Compiling module axi_mmu_v2_1_20.axi_mmu_v2_1_20_top(C_FAMILY="zy...
Compiling module xil_defaultlib.design_1_s00_mmu_0
Compiling module axi_crossbar_v2_1_23.axi_crossbar_v2_1_23_addr_decode...
Compiling module axi_crossbar_v2_1_23.axi_crossbar_v2_1_23_arbiter_res...
Compiling module generic_baseblocks_v2_1_0.generic_baseblocks_v2_1_0_mux_en...
Compiling module unisims_ver.SRLC32E_default
Compiling module axi_data_fifo_v2_1_21.axi_data_fifo_v2_1_21_ndeep_srl(...
Compiling module axi_data_fifo_v2_1_21.axi_data_fifo_v2_1_21_axic_srl_f...
Compiling module axi_crossbar_v2_1_23.axi_crossbar_v2_1_23_si_transact...
Compiling module generic_baseblocks_v2_1_0.generic_baseblocks_v2_1_0_mux_en...
Compiling module axi_crossbar_v2_1_23.axi_crossbar_v2_1_23_si_transact...
Compiling module axi_crossbar_v2_1_23.axi_crossbar_v2_1_23_splitter
Compiling module axi_data_fifo_v2_1_21.axi_data_fifo_v2_1_21_ndeep_srl(...
Compiling module axi_data_fifo_v2_1_21.axi_data_fifo_v2_1_21_axic_reg_s...
Compiling module axi_crossbar_v2_1_23.axi_crossbar_v2_1_23_wdata_route...
Compiling module axi_crossbar_v2_1_23.axi_crossbar_v2_1_23_wdata_mux(C...
Compiling module axi_data_fifo_v2_1_21.axi_data_fifo_v2_1_21_ndeep_srl(...
Compiling module axi_data_fifo_v2_1_21.axi_data_fifo_v2_1_21_axic_srl_f...
Compiling module axi_infrastructure_v1_1_0.axi_infrastructure_v1_1_0_axi2ve...
Compiling module axi_infrastructure_v1_1_0.axi_infrastructure_v1_1_0_vector...
Compiling module axi_register_slice_v2_1_22.axi_register_slice_v2_1_22_axic_...
Compiling module axi_register_slice_v2_1_22.axi_register_slice_v2_1_22_axic_...
Compiling module axi_register_slice_v2_1_22.axi_register_slice_v2_1_22_axic_...
Compiling module axi_register_slice_v2_1_22.axi_register_slice_v2_1_22_axic_...
Compiling module axi_register_slice_v2_1_22.axi_register_slice_v2_1_22_axi_r...
Compiling module axi_crossbar_v2_1_23.axi_crossbar_v2_1_23_wdata_mux(C...
Compiling module axi_data_fifo_v2_1_21.axi_data_fifo_v2_1_21_axic_srl_f...
Compiling module axi_crossbar_v2_1_23.axi_crossbar_v2_1_23_wdata_mux(C...
Compiling module axi_data_fifo_v2_1_21.axi_data_fifo_v2_1_21_axic_srl_f...
Compiling module axi_crossbar_v2_1_23.axi_crossbar_v2_1_23_addr_arbite...
Compiling module axi_crossbar_v2_1_23.axi_crossbar_v2_1_23_decerr_slav...
Compiling module axi_crossbar_v2_1_23.axi_crossbar_v2_1_23_crossbar(C_...
Compiling module axi_crossbar_v2_1_23.axi_crossbar_v2_1_23_axi_crossba...
Compiling module xil_defaultlib.design_1_xbar_1
Compiling module xil_defaultlib.design_1_axi_interconnect_1_0
Compiling architecture fdre_v of entity unisim.FDRE [fdre_default]
Compiling architecture fdre_v of entity unisim.FDRE [\FDRE(init='1')\]
Compiling architecture fdr_v of entity unisim.FDR [fdr_default]
Compiling architecture implementation of entity lib_cdc_v1_0_2.cdc_sync [\cdc_sync(c_vector_width=2,c_mtb...]
Compiling architecture srl16e_v of entity unisim.SRL16E [\SRL16E(init="1111111111111111")...]
Compiling architecture srl16_v of entity unisim.SRL16 [\SRL16(init="1111111111111111")(...]
Compiling architecture imp of entity proc_sys_reset_v5_0_13.lpf [\lpf(c_ext_rst_width=4,c_aux_rst...]
Compiling architecture imp of entity proc_sys_reset_v5_0_13.upcnt_n [\upcnt_n(c_size=6)\]
Compiling architecture imp of entity proc_sys_reset_v5_0_13.sequence_psr [sequence_psr_default]
Compiling architecture imp of entity proc_sys_reset_v5_0_13.proc_sys_reset [\proc_sys_reset(c_family="zynq",...]
Compiling architecture design_1_proc_sys_reset_0_0_arch of entity xil_defaultlib.design_1_proc_sys_reset_0_0 [design_1_proc_sys_reset_0_0_defa...]
Compiling module processing_system7_vip_v1_0_10.processing_system7_vip_v1_0_10_g...
Compiling module processing_system7_vip_v1_0_10.processing_system7_vip_v1_0_10_g...
Compiling module processing_system7_vip_v1_0_10.processing_system7_vip_v1_0_10_a...
Compiling module processing_system7_vip_v1_0_10.processing_system7_vip_v1_0_10_a...
Compiling module processing_system7_vip_v1_0_10.processing_system7_vip_v1_0_10_f...
Compiling module processing_system7_vip_v1_0_10.processing_system7_vip_v1_0_10_a...
Compiling module processing_system7_vip_v1_0_10.processing_system7_vip_v1_0_10_a...
Compiling module processing_system7_vip_v1_0_10.processing_system7_vip_v1_0_10_a...
Compiling module processing_system7_vip_v1_0_10.processing_system7_vip_v1_0_10_a...
Compiling module processing_system7_vip_v1_0_10.processing_system7_vip_v1_0_10_s...
Compiling module processing_system7_vip_v1_0_10.processing_system7_vip_v1_0_10_i...
Compiling module processing_system7_vip_v1_0_10.processing_system7_vip_v1_0_10_s...
Compiling module processing_system7_vip_v1_0_10.processing_system7_vip_v1_0_10_d...
Compiling module processing_system7_vip_v1_0_10.processing_system7_vip_v1_0_10_o...
Compiling module processing_system7_vip_v1_0_10.processing_system7_vip_v1_0_10_o...
Compiling module processing_system7_vip_v1_0_10.processing_system7_vip_v1_0_10_r...
Compiling module processing_system7_vip_v1_0_10.processing_system7_vip_v1_0_10_r...
Compiling module xilinx_vip.axi_vip_axi4pc(WDATA_WIDTH=32,RD...
Compiling module xilinx_vip.cb
Compiling module xilinx_vip.axi_vip_if(C_AXI_PROTOCOL=1,C_AX...
Compiling module axi_vip_v1_1_8.axi_vip_v1_1_8_top(C_AXI_PROTOCO...
Compiling module processing_system7_vip_v1_0_10.processing_system7_vip_v1_0_10_a...
Compiling module processing_system7_vip_v1_0_10.processing_system7_vip_v1_0_10_a...
Compiling module xilinx_vip.axi_vip_axi4pc(WDATA_WIDTH=32,RD...
Compiling module xilinx_vip.cb
Compiling module xilinx_vip.axi_vip_if(C_AXI_PROTOCOL=1,C_AX...
Compiling module axi_vip_v1_1_8.axi_vip_v1_1_8_top(C_AXI_PROTOCO...
WARNING: [VRFC 10-3705] select index 64 into 'wrp_strb' is out of bounds [/wrk/ci/prod/2020.2/sw/continuous/733/packages/customer/vivado/data/ip/xilinx/processing_system7_vip_v1_0/hdl/processing_system7_vip_v1_0_vl_rfs.sv:6134]
Compiling module processing_system7_vip_v1_0_10.processing_system7_vip_v1_0_10_a...
Compiling module processing_system7_vip_v1_0_10.processing_system7_vip_v1_0_10_a...
Compiling module xilinx_vip.axi_vip_axi4pc(PROTOCOL=1,RID_WI...
Compiling module xilinx_vip.cb
Compiling module xilinx_vip.axi_vip_if(C_AXI_PROTOCOL=1,C_AX...
Compiling module axi_vip_v1_1_8.axi_vip_v1_1_8_top(C_AXI_PROTOCO...
Compiling module processing_system7_vip_v1_0_10.processing_system7_vip_v1_0_10_i...
WARNING: [VRFC 10-3705] select index 128 into 'wrp_strb' is out of bounds [/wrk/ci/prod/2020.2/sw/continuous/733/packages/customer/vivado/data/ip/xilinx/processing_system7_vip_v1_0/hdl/processing_system7_vip_v1_0_vl_rfs.sv:10898]
Compiling module processing_system7_vip_v1_0_10.processing_system7_vip_v1_0_10_a...
Compiling module processing_system7_vip_v1_0_10.processing_system7_vip_v1_0_10_a...
Compiling module processing_system7_vip_v1_0_10.processing_system7_vip_v1_0_10_a...
Compiling module processing_system7_vip_v1_0_10.processing_system7_vip_v1_0_10_a...
Compiling module xilinx_vip.axi_vip_axi4pc(PROTOCOL=1,RID_WI...
Compiling module xilinx_vip.cb
Compiling module xilinx_vip.axi_vip_if(C_AXI_PROTOCOL=1,C_AX...
Compiling module axi_vip_v1_1_8.axi_vip_v1_1_8_top(C_AXI_PROTOCO...
WARNING: [VRFC 10-3705] select index 128 into 'wrp_strb' is out of bounds [/wrk/ci/prod/2020.2/sw/continuous/733/packages/customer/vivado/data/ip/xilinx/processing_system7_vip_v1_0/hdl/processing_system7_vip_v1_0_vl_rfs.sv:7772]
WARNING: [VRFC 10-3705] select index 4 into 'wr_fifo_rd_ptr' is out of bounds [/wrk/ci/prod/2020.2/sw/continuous/733/packages/customer/vivado/data/ip/xilinx/processing_system7_vip_v1_0/hdl/processing_system7_vip_v1_0_vl_rfs.sv:7985]
WARNING: [VRFC 10-3705] select index 4 into 'ar_cnt' is out of bounds [/wrk/ci/prod/2020.2/sw/continuous/733/packages/customer/vivado/data/ip/xilinx/processing_system7_vip_v1_0/hdl/processing_system7_vip_v1_0_vl_rfs.sv:8124]
WARNING: [VRFC 10-3705] select index 4 into 'wr_rresp_cnt' is out of bounds [/wrk/ci/prod/2020.2/sw/continuous/733/packages/customer/vivado/data/ip/xilinx/processing_system7_vip_v1_0/hdl/processing_system7_vip_v1_0_vl_rfs.sv:8221]
WARNING: [VRFC 10-3705] select index 4 into 'rd_fifo_wr_ptr' is out of bounds [/wrk/ci/prod/2020.2/sw/continuous/733/packages/customer/vivado/data/ip/xilinx/processing_system7_vip_v1_0/hdl/processing_system7_vip_v1_0_vl_rfs.sv:8240]
WARNING: [VRFC 10-3705] select index 4 into 'rd_cnt' is out of bounds [/wrk/ci/prod/2020.2/sw/continuous/733/packages/customer/vivado/data/ip/xilinx/processing_system7_vip_v1_0/hdl/processing_system7_vip_v1_0_vl_rfs.sv:8381]
WARNING: [VRFC 10-3705] select index 4 into 'rresp_time_cnt' is out of bounds [/wrk/ci/prod/2020.2/sw/continuous/733/packages/customer/vivado/data/ip/xilinx/processing_system7_vip_v1_0/hdl/processing_system7_vip_v1_0_vl_rfs.sv:8386]
WARNING: [VRFC 10-3705] select index 4 into 'rd_fifo_rd_ptr' is out of bounds [/wrk/ci/prod/2020.2/sw/continuous/733/packages/customer/vivado/data/ip/xilinx/processing_system7_vip_v1_0/hdl/processing_system7_vip_v1_0_vl_rfs.sv:8391]
Compiling module processing_system7_vip_v1_0_10.processing_system7_vip_v1_0_10_a...
Compiling module processing_system7_vip_v1_0_10.processing_system7_vip_v1_0_10(C...
Compiling module xil_defaultlib.design_1_processing_system7_0_0
Compiling module xil_defaultlib.design_1
Compiling module xil_defaultlib.design_1_wrapper
Compiling module xil_defaultlib.glbl
Built simulation snapshot design_1_wrapper_behav
